#! /usr/bin/vvp
:ivl_version "12.0 (stable)";
:ivl_delay_selection "TYPICAL";
:vpi_time_precision + 0;
:vpi_module "/usr/lib64/ivl/system.vpi";
:vpi_module "/usr/lib64/ivl/vhdl_sys.vpi";
:vpi_module "/usr/lib64/ivl/vhdl_textio.vpi";
:vpi_module "/usr/lib64/ivl/v2005_math.vpi";
:vpi_module "/usr/lib64/ivl/va_math.vpi";
S_0x55614f043340 .scope module, "MemoryArbiter" "MemoryArbiter" 2 2;
 .timescale 0 0;
    .port_info 0 /INPUT 1 "clk";
    .port_info 1 /INPUT 1 "rst_n";
    .port_info 2 /INPUT 1 "DMEM_RE";
    .port_info 3 /INPUT 1 "DMEM_WE";
    .port_info 4 /INPUT 1 "IMEM_RE";
    .port_info 5 /INPUT 16 "IMEM_MEM_addr";
    .port_info 6 /INPUT 16 "DMEM_MEM_addr";
    .port_info 7 /OUTPUT 1 "MEM_EN";
    .port_info 8 /OUTPUT 1 "IMEM_rdata_valid";
    .port_info 9 /OUTPUT 1 "DMEM_rdata_valid";
    .port_info 10 /OUTPUT 1 "IMEM_wdone";
    .port_info 11 /OUTPUT 1 "DMEM_wdone";
    .port_info 12 /INPUT 1 "data_valid";
P_0x55614f0388a0 .param/l "DMEM_READ" 1 2 36, C4<01>;
P_0x55614f0388e0 .param/l "DMEM_WRITE" 1 2 38, C4<11>;
P_0x55614f038920 .param/l "IDLE" 1 2 35, C4<00>;
P_0x55614f038960 .param/l "IMEM_READ" 1 2 37, C4<10>;
o0x7ff853fac158 .functor BUFZ 1, C4<z>; HiZ drive
L_0x55614f076b60 .functor NOT 1, o0x7ff853fac158, C4<0>, C4<0>, C4<0>;
o0x7ff853fab3d8 .functor BUFZ 1, C4<z>; HiZ drive
L_0x55614f076d90 .functor AND 1, L_0x55614f076c20, o0x7ff853fab3d8, C4<1>, C4<1>;
o0x7ff853fab4c8 .functor BUFZ 1, C4<z>; HiZ drive
L_0x55614f076fd0 .functor AND 1, L_0x55614f076eb0, o0x7ff853fab4c8, C4<1>, C4<1>;
L_0x55614f077090 .functor NOT 1, o0x7ff853fab3d8, C4<0>, C4<0>, C4<0>;
L_0x55614f0771b0 .functor AND 1, L_0x55614f076fd0, L_0x55614f077090, C4<1>, C4<1>;
o0x7ff853fab408 .functor BUFZ 1, C4<z>; HiZ drive
L_0x55614f0773f0 .functor AND 1, L_0x55614f077310, o0x7ff853fab408, C4<1>, C4<1>;
L_0x55614f0774f0 .functor NOT 1, o0x7ff853fab3d8, C4<0>, C4<0>, C4<0>;
L_0x55614f077560 .functor AND 1, L_0x55614f0773f0, L_0x55614f0774f0, C4<1>, C4<1>;
L_0x55614f0776c0 .functor NOT 1, o0x7ff853fab4c8, C4<0>, C4<0>, C4<0>;
L_0x55614f077780 .functor AND 1, L_0x55614f077560, L_0x55614f0776c0, C4<1>, C4<1>;
L_0x55614f077990 .functor NOT 1, o0x7ff853fab3d8, C4<0>, C4<0>, C4<0>;
L_0x55614f077a90 .functor AND 1, L_0x55614f0778f0, L_0x55614f077990, C4<1>, C4<1>;
L_0x55614f077da0 .functor NOT 1, o0x7ff853fab4c8, C4<0>, C4<0>, C4<0>;
L_0x55614f077e10 .functor AND 1, L_0x55614f077c80, L_0x55614f077da0, C4<1>, C4<1>;
L_0x55614f0784a0 .functor NOT 1, L_0x55614f078b30, C4<0>, C4<0>, C4<0>;
o0x7ff853fab3a8 .functor BUFZ 16, C4<zzzzzzzzzzzzzzzz>; HiZ drive
v0x55614f071f40_0 .net "DMEM_MEM_addr", 15 0, o0x7ff853fab3a8;  0 drivers
v0x55614f072040_0 .net "DMEM_RE", 0 0, o0x7ff853fab3d8;  0 drivers
v0x55614f072100_0 .net "DMEM_WE", 0 0, o0x7ff853fab408;  0 drivers
v0x55614f0721a0_0 .net "DMEM_rdata_valid", 0 0, L_0x55614f089ab0;  1 drivers
v0x55614f072260_0 .net "DMEM_wdone", 0 0, L_0x55614f08a040;  1 drivers
o0x7ff853fab498 .functor BUFZ 16, C4<zzzzzzzzzzzzzzzz>; HiZ drive
v0x55614f072370_0 .net "IMEM_MEM_addr", 15 0, o0x7ff853fab498;  0 drivers
v0x55614f072450_0 .net "IMEM_RE", 0 0, o0x7ff853fab4c8;  0 drivers
v0x55614f072510_0 .net "IMEM_rdata_valid", 0 0, L_0x55614f089dc0;  1 drivers
L_0x7ff853f62768 .functor BUFT 1, C4<0>, C4<0>, C4<0>, C4<0>;
v0x55614f0725d0_0 .net "IMEM_wdone", 0 0, L_0x7ff853f62768;  1 drivers
v0x55614f072720_0 .net "MEM_EN", 0 0, L_0x55614f0784a0;  1 drivers
v0x55614f0727e0_0 .net "WR", 0 0, L_0x55614f078f00;  1 drivers
L_0x7ff853f62528 .functor BUFT 1, C4<10>, C4<0>, C4<0>, C4<0>;
v0x55614f0728a0_0 .net/2u *"_ivl_101", 1 0, L_0x7ff853f62528;  1 drivers
v0x55614f072980_0 .net *"_ivl_103", 0 0, L_0x55614f079220;  1 drivers
L_0x7ff853f62570 .functor BUFT 1, C4<11>, C4<0>, C4<0>, C4<0>;
v0x55614f072a40_0 .net/2u *"_ivl_105", 1 0, L_0x7ff853f62570;  1 drivers
v0x55614f072b20_0 .net *"_ivl_107", 0 0, L_0x55614f078fa0;  1 drivers
L_0x7ff853f625b8 .functor BUFT 1, C4<0000000000000000>, C4<0>, C4<0>, C4<0>;
v0x55614f072be0_0 .net/2u *"_ivl_109", 15 0, L_0x7ff853f625b8;  1 drivers
v0x55614f072cc0_0 .net *"_ivl_11", 0 0, L_0x55614f076d90;  1 drivers
v0x55614f072eb0_0 .net *"_ivl_111", 15 0, L_0x55614f089420;  1 drivers
v0x55614f072f90_0 .net *"_ivl_113", 15 0, L_0x55614f089620;  1 drivers
L_0x7ff853f62600 .functor BUFT 1, C4<01>, C4<0>, C4<0>, C4<0>;
v0x55614f073070_0 .net/2u *"_ivl_117", 1 0, L_0x7ff853f62600;  1 drivers
v0x55614f073150_0 .net *"_ivl_119", 0 0, L_0x55614f0899c0;  1 drivers
L_0x7ff853f62648 .functor BUFT 1, C4<0>, C4<0>, C4<0>, C4<0>;
v0x55614f073210_0 .net/2u *"_ivl_121", 0 0, L_0x7ff853f62648;  1 drivers
L_0x7ff853f62690 .functor BUFT 1, C4<10>, C4<0>, C4<0>, C4<0>;
v0x55614f0732f0_0 .net/2u *"_ivl_125", 1 0, L_0x7ff853f62690;  1 drivers
v0x55614f0733d0_0 .net *"_ivl_127", 0 0, L_0x55614f089cd0;  1 drivers
L_0x7ff853f626d8 .functor BUFT 1, C4<0>, C4<0>, C4<0>, C4<0>;
v0x55614f073490_0 .net/2u *"_ivl_129", 0 0, L_0x7ff853f626d8;  1 drivers
L_0x7ff853f620a8 .functor BUFT 1, C4<01>, C4<0>, C4<0>, C4<0>;
v0x55614f073570_0 .net/2u *"_ivl_13", 1 0, L_0x7ff853f620a8;  1 drivers
L_0x7ff853f62720 .functor BUFT 1, C4<11>, C4<0>, C4<0>, C4<0>;
v0x55614f073650_0 .net/2u *"_ivl_133", 1 0, L_0x7ff853f62720;  1 drivers
L_0x7ff853f620f0 .functor BUFT 1, C4<00>, C4<0>, C4<0>, C4<0>;
v0x55614f073730_0 .net/2u *"_ivl_15", 1 0, L_0x7ff853f620f0;  1 drivers
v0x55614f073810_0 .net *"_ivl_17", 0 0, L_0x55614f076eb0;  1 drivers
v0x55614f0738d0_0 .net *"_ivl_19", 0 0, L_0x55614f076fd0;  1 drivers
v0x55614f0739b0_0 .net *"_ivl_21", 0 0, L_0x55614f077090;  1 drivers
v0x55614f073a90_0 .net *"_ivl_23", 0 0, L_0x55614f0771b0;  1 drivers
L_0x7ff853f62138 .functor BUFT 1, C4<10>, C4<0>, C4<0>, C4<0>;
v0x55614f073b70_0 .net/2u *"_ivl_25", 1 0, L_0x7ff853f62138;  1 drivers
L_0x7ff853f62180 .functor BUFT 1, C4<00>, C4<0>, C4<0>, C4<0>;
v0x55614f073e60_0 .net/2u *"_ivl_27", 1 0, L_0x7ff853f62180;  1 drivers
v0x55614f073f40_0 .net *"_ivl_29", 0 0, L_0x55614f077310;  1 drivers
v0x55614f074000_0 .net *"_ivl_31", 0 0, L_0x55614f0773f0;  1 drivers
v0x55614f0740e0_0 .net *"_ivl_33", 0 0, L_0x55614f0774f0;  1 drivers
v0x55614f0741c0_0 .net *"_ivl_35", 0 0, L_0x55614f077560;  1 drivers
v0x55614f0742a0_0 .net *"_ivl_37", 0 0, L_0x55614f0776c0;  1 drivers
v0x55614f074380_0 .net *"_ivl_39", 0 0, L_0x55614f077780;  1 drivers
L_0x7ff853f621c8 .functor BUFT 1, C4<11>, C4<0>, C4<0>, C4<0>;
v0x55614f074460_0 .net/2u *"_ivl_41", 1 0, L_0x7ff853f621c8;  1 drivers
L_0x7ff853f62210 .functor BUFT 1, C4<01>, C4<0>, C4<0>, C4<0>;
v0x55614f074540_0 .net/2u *"_ivl_43", 1 0, L_0x7ff853f62210;  1 drivers
v0x55614f074620_0 .net *"_ivl_45", 0 0, L_0x55614f0778f0;  1 drivers
v0x55614f0746e0_0 .net *"_ivl_47", 0 0, L_0x55614f077990;  1 drivers
v0x55614f0747c0_0 .net *"_ivl_49", 0 0, L_0x55614f077a90;  1 drivers
L_0x7ff853f62258 .functor BUFT 1, C4<00>, C4<0>, C4<0>, C4<0>;
v0x55614f0748a0_0 .net/2u *"_ivl_51", 1 0, L_0x7ff853f62258;  1 drivers
L_0x7ff853f622a0 .functor BUFT 1, C4<10>, C4<0>, C4<0>, C4<0>;
v0x55614f074980_0 .net/2u *"_ivl_53", 1 0, L_0x7ff853f622a0;  1 drivers
v0x55614f074a60_0 .net *"_ivl_55", 0 0, L_0x55614f077c80;  1 drivers
v0x55614f074b20_0 .net *"_ivl_57", 0 0, L_0x55614f077da0;  1 drivers
v0x55614f074c00_0 .net *"_ivl_59", 0 0, L_0x55614f077e10;  1 drivers
L_0x7ff853f622e8 .functor BUFT 1, C4<00>, C4<0>, C4<0>, C4<0>;
v0x55614f074ce0_0 .net/2u *"_ivl_61", 1 0, L_0x7ff853f622e8;  1 drivers
L_0x7ff853f62330 .functor BUFT 1, C4<11>, C4<0>, C4<0>, C4<0>;
v0x55614f074dc0_0 .net/2u *"_ivl_63", 1 0, L_0x7ff853f62330;  1 drivers
v0x55614f074ea0_0 .net *"_ivl_65", 0 0, L_0x55614f077fd0;  1 drivers
L_0x7ff853f62378 .functor BUFT 1, C4<00>, C4<0>, C4<0>, C4<0>;
v0x55614f074f60_0 .net/2u *"_ivl_67", 1 0, L_0x7ff853f62378;  1 drivers
v0x55614f075040_0 .net *"_ivl_69", 1 0, L_0x55614f0780f0;  1 drivers
L_0x7ff853f62060 .functor BUFT 1, C4<00>, C4<0>, C4<0>, C4<0>;
v0x55614f075120_0 .net/2u *"_ivl_7", 1 0, L_0x7ff853f62060;  1 drivers
v0x55614f075200_0 .net *"_ivl_71", 1 0, L_0x55614f078270;  1 drivers
v0x55614f0752e0_0 .net *"_ivl_73", 1 0, L_0x55614f078400;  1 drivers
v0x55614f0753c0_0 .net *"_ivl_75", 1 0, L_0x55614f078600;  1 drivers
v0x55614f0754a0_0 .net *"_ivl_77", 1 0, L_0x55614f078790;  1 drivers
L_0x7ff853f623c0 .functor BUFT 1, C4<00>, C4<0>, C4<0>, C4<0>;
v0x55614f075580_0 .net/2u *"_ivl_81", 1 0, L_0x7ff853f623c0;  1 drivers
v0x55614f075660_0 .net *"_ivl_83", 0 0, L_0x55614f078b30;  1 drivers
L_0x7ff853f62408 .functor BUFT 1, C4<11>, C4<0>, C4<0>, C4<0>;
v0x55614f075720_0 .net/2u *"_ivl_87", 1 0, L_0x7ff853f62408;  1 drivers
v0x55614f075800_0 .net *"_ivl_89", 0 0, L_0x55614f078d00;  1 drivers
v0x55614f0758c0_0 .net *"_ivl_9", 0 0, L_0x55614f076c20;  1 drivers
L_0x7ff853f62450 .functor BUFT 1, C4<1>, C4<0>, C4<0>, C4<0>;
v0x55614f075d90_0 .net/2u *"_ivl_91", 0 0, L_0x7ff853f62450;  1 drivers
L_0x7ff853f62498 .functor BUFT 1, C4<0>, C4<0>, C4<0>, C4<0>;
v0x55614f075e70_0 .net/2u *"_ivl_93", 0 0, L_0x7ff853f62498;  1 drivers
L_0x7ff853f624e0 .functor BUFT 1, C4<01>, C4<0>, C4<0>, C4<0>;
v0x55614f075f50_0 .net/2u *"_ivl_97", 1 0, L_0x7ff853f624e0;  1 drivers
v0x55614f076030_0 .net *"_ivl_99", 0 0, L_0x55614f079130;  1 drivers
v0x55614f0760f0_0 .net "addr", 15 0, L_0x55614f089760;  1 drivers
o0x7ff853fab018 .functor BUFZ 1, C4<z>; HiZ drive
v0x55614f0761d0_0 .net "clk", 0 0, o0x7ff853fab018;  0 drivers
v0x55614f076270_0 .net "curr_state", 1 0, L_0x55614f0767e0;  1 drivers
o0x7ff853fac0f8 .functor BUFZ 1, C4<z>; HiZ drive
v0x55614f076350_0 .net "data_valid", 0 0, o0x7ff853fac0f8;  0 drivers
v0x55614f076410_0 .net "next_state", 1 0, L_0x55614f0789a0;  1 drivers
v0x55614f0764f0_0 .net "rst_n", 0 0, o0x7ff853fac158;  0 drivers
L_0x55614f0767e0 .concat [ 1 1 0 0], v0x55614f071620_0, v0x55614f071d30_0;
L_0x55614f076950 .part L_0x55614f0789a0, 0, 1;
L_0x55614f0769f0 .part L_0x55614f0789a0, 1, 1;
L_0x55614f076c20 .cmp/eq 2, L_0x55614f0767e0, L_0x7ff853f62060;
L_0x55614f076eb0 .cmp/eq 2, L_0x55614f0767e0, L_0x7ff853f620f0;
L_0x55614f077310 .cmp/eq 2, L_0x55614f0767e0, L_0x7ff853f62180;
L_0x55614f0778f0 .cmp/eq 2, L_0x55614f0767e0, L_0x7ff853f62210;
L_0x55614f077c80 .cmp/eq 2, L_0x55614f0767e0, L_0x7ff853f622a0;
L_0x55614f077fd0 .cmp/eq 2, L_0x55614f0767e0, L_0x7ff853f62330;
L_0x55614f0780f0 .functor MUXZ 2, L_0x55614f0767e0, L_0x7ff853f62378, L_0x55614f077fd0, C4<>;
L_0x55614f078270 .functor MUXZ 2, L_0x55614f0780f0, L_0x7ff853f622e8, L_0x55614f077e10, C4<>;
L_0x55614f078400 .functor MUXZ 2, L_0x55614f078270, L_0x7ff853f62258, L_0x55614f077a90, C4<>;
L_0x55614f078600 .functor MUXZ 2, L_0x55614f078400, L_0x7ff853f621c8, L_0x55614f077780, C4<>;
L_0x55614f078790 .functor MUXZ 2, L_0x55614f078600, L_0x7ff853f62138, L_0x55614f0771b0, C4<>;
L_0x55614f0789a0 .functor MUXZ 2, L_0x55614f078790, L_0x7ff853f620a8, L_0x55614f076d90, C4<>;
L_0x55614f078b30 .cmp/eq 2, L_0x55614f0767e0, L_0x7ff853f623c0;
L_0x55614f078d00 .cmp/eq 2, L_0x55614f0767e0, L_0x7ff853f62408;
L_0x55614f078f00 .functor MUXZ 1, L_0x7ff853f62498, L_0x7ff853f62450, L_0x55614f078d00, C4<>;
L_0x55614f079130 .cmp/eq 2, L_0x55614f0767e0, L_0x7ff853f624e0;
L_0x55614f079220 .cmp/eq 2, L_0x55614f0767e0, L_0x7ff853f62528;
L_0x55614f078fa0 .cmp/eq 2, L_0x55614f0767e0, L_0x7ff853f62570;
L_0x55614f089420 .functor MUXZ 16, L_0x7ff853f625b8, o0x7ff853fab3a8, L_0x55614f078fa0, C4<>;
L_0x55614f089620 .functor MUXZ 16, L_0x55614f089420, o0x7ff853fab498, L_0x55614f079220, C4<>;
L_0x55614f089760 .functor MUXZ 16, L_0x55614f089620, o0x7ff853fab3a8, L_0x55614f079130, C4<>;
L_0x55614f0899c0 .cmp/eq 2, L_0x55614f0767e0, L_0x7ff853f62600;
L_0x55614f089ab0 .functor MUXZ 1, L_0x7ff853f62648, o0x7ff853fac0f8, L_0x55614f0899c0, C4<>;
L_0x55614f089cd0 .cmp/eq 2, L_0x55614f0767e0, L_0x7ff853f62690;
L_0x55614f089dc0 .functor MUXZ 1, L_0x7ff853f626d8, o0x7ff853fac0f8, L_0x55614f089cd0, C4<>;
L_0x55614f08a040 .cmp/eq 2, L_0x55614f0767e0, L_0x7ff853f62720;
S_0x55614f041500 .scope module, "state[0]" "dff" 2 41, 3 6 0, S_0x55614f043340;
 .timescale 0 0;
    .port_info 0 /OUTPUT 1 "q";
    .port_info 1 /INPUT 1 "d";
    .port_info 2 /INPUT 1 "wen";
    .port_info 3 /INPUT 1 "clk";
    .port_info 4 /INPUT 1 "rst";
v0x55614f037e30_0 .net "clk", 0 0, o0x7ff853fab018;  alias, 0 drivers
v0x55614f0713e0_0 .net "d", 0 0, L_0x55614f076950;  1 drivers
v0x55614f0714c0_0 .net "q", 0 0, v0x55614f071620_0;  1 drivers
v0x55614f071560_0 .net "rst", 0 0, L_0x55614f076b60;  1 drivers
v0x55614f071620_0 .var "state", 0 0;
L_0x7ff853f62018 .functor BUFT 1, C4<1>, C4<0>, C4<0>, C4<0>;
v0x55614f071730_0 .net "wen", 0 0, L_0x7ff853f62018;  1 drivers
E_0x55614f047480 .event posedge, v0x55614f037e30_0;
S_0x55614f071890 .scope module, "state[1]" "dff" 2 41, 3 6 0, S_0x55614f043340;
 .timescale 0 0;
    .port_info 0 /OUTPUT 1 "q";
    .port_info 1 /INPUT 1 "d";
    .port_info 2 /INPUT 1 "wen";
    .port_info 3 /INPUT 1 "clk";
    .port_info 4 /INPUT 1 "rst";
v0x55614f071ab0_0 .net "clk", 0 0, o0x7ff853fab018;  alias, 0 drivers
v0x55614f071b50_0 .net "d", 0 0, L_0x55614f0769f0;  1 drivers
v0x55614f071bf0_0 .net "q", 0 0, v0x55614f071d30_0;  1 drivers
v0x55614f071c90_0 .net "rst", 0 0, L_0x55614f076b60;  alias, 1 drivers
v0x55614f071d30_0 .var "state", 0 0;
v0x55614f071e20_0 .net "wen", 0 0, L_0x7ff853f62018;  alias, 1 drivers
    .scope S_0x55614f041500;
T_0 ;
    %wait E_0x55614f047480;
    %load/vec4 v0x55614f071560_0;
    %flag_set/vec4 8;
    %jmp/0 T_0.0, 8;
    %pushi/vec4 0, 0, 1;
    %jmp/1 T_0.1, 8;
T_0.0 ; End of true expr.
    %load/vec4 v0x55614f071730_0;
    %flag_set/vec4 9;
    %jmp/0 T_0.2, 9;
    %load/vec4 v0x55614f0713e0_0;
    %jmp/1 T_0.3, 9;
T_0.2 ; End of true expr.
    %load/vec4 v0x55614f071620_0;
    %jmp/0 T_0.3, 9;
 ; End of false expr.
    %blend;
T_0.3;
    %jmp/0 T_0.1, 8;
 ; End of false expr.
    %blend;
T_0.1;
    %assign/vec4 v0x55614f071620_0, 0;
    %jmp T_0;
    .thread T_0;
    .scope S_0x55614f071890;
T_1 ;
    %wait E_0x55614f047480;
    %load/vec4 v0x55614f071c90_0;
    %flag_set/vec4 8;
    %jmp/0 T_1.0, 8;
    %pushi/vec4 0, 0, 1;
    %jmp/1 T_1.1, 8;
T_1.0 ; End of true expr.
    %load/vec4 v0x55614f071e20_0;
    %flag_set/vec4 9;
    %jmp/0 T_1.2, 9;
    %load/vec4 v0x55614f071b50_0;
    %jmp/1 T_1.3, 9;
T_1.2 ; End of true expr.
    %load/vec4 v0x55614f071d30_0;
    %jmp/0 T_1.3, 9;
 ; End of false expr.
    %blend;
T_1.3;
    %jmp/0 T_1.1, 8;
 ; End of false expr.
    %blend;
T_1.1;
    %assign/vec4 v0x55614f071d30_0, 0;
    %jmp T_1;
    .thread T_1;
# The file index is used to find the file name in the following table.
:file_names 4;
    "N/A";
    "<interactive>";
    "MemoryArbiter.v";
    "D-flip-flop.v";
